# JRE version: Java(TM) SE Runtime Environment (8.0_77-b03) (build 1.8.0_77-b03)
# Java VM: Java HotSpot(TM) 64-Bit Server VM (25.77-b03 mixed mode windows-amd64 compressed oops)
Heap:
 PSYoungGen      total 294400K, used 106179K [0x00000000eab00000, 0x00000000fe700000, 0x0000000100000000)
  eden space 266752K, 39% used [0x00000000eab00000,0x00000000f12b0d08,0x00000000faf80000)
  from space 27648K, 0% used [0x00000000fcb00000,0x00000000fcb00000,0x00000000fe600000)
  to   space 28160K, 0% used [0x00000000faf80000,0x00000000faf80000,0x00000000fcb00000)
 ParOldGen       total 131072K, used 49623K [0x00000000c0000000, 0x00000000c8000000, 0x00000000eab00000)
  object space 131072K, 37% used [0x00000000c0000000,0x00000000c3075d48,0x00000000c8000000)
 Metaspace       used 63555K, capacity 65994K, committed 66304K, reserved 1105920K
  class space    used 8570K, capacity 9127K, committed 9216K, reserved 1048576K
GC Heap History (10 events):
Event: 1637.631 GC heap before
{Heap before GC invocations=19 (full 5):
 PSYoungGen      total 206848K, used 62043K [0x00000000eab00000, 0x00000000fbb00000, 0x0000000100000000)
  eden space 183808K, 21% used [0x00000000eab00000,0x00000000ed187908,0x00000000f5e80000)
  from space 23040K, 98% used [0x00000000f5e80000,0x00000000f748f408,0x00000000f7500000)
  to   space 26624K, 0% used [0x00000000fa100000,0x00000000fa100000,0x00000000fbb00000)
 ParOldGen       total 131072K, used 31474K [0x00000000c0000000, 0x00000000c8000000, 0x00000000eab00000)
  object space 131072K, 24% used [0x00000000c0000000,0x00000000c1ebcb18,0x00000000c8000000)
 Metaspace       used 57502K, capacity 59182K, committed 59392K, reserved 1099776K
  class space    used 7743K, capacity 8133K, committed 8192K, reserved 1048576K
Event: 1637.639 GC heap after
Heap after GC invocations=19 (full 5):
 PSYoungGen      total 249856K, used 6190K [0x00000000eab00000, 0x00000000fb900000, 0x0000000100000000)
  eden space 225280K, 0% used [0x00000000eab00000,0x00000000eab00000,0x00000000f8700000)
  from space 24576K, 25% used [0x00000000fa100000,0x00000000fa70bb90,0x00000000fb900000)
  to   space 25600K, 0% used [0x00000000f8700000,0x00000000f8700000,0x00000000fa000000)
 ParOldGen       total 131072K, used 31482K [0x00000000c0000000, 0x00000000c8000000, 0x00000000eab00000)
  object space 131072K, 24% used [0x00000000c0000000,0x00000000c1ebeb18,0x00000000c8000000)
 Metaspace       used 57502K, capacity 59182K, committed 59392K, reserved 1099776K
  class space    used 7743K, capacity 8133K, committed 8192K, reserved 1048576K
}
Event: 1637.639 GC heap before
{Heap before GC invocations=20 (full 6):
 PSYoungGen      total 249856K, used 6190K [0x00000000eab00000, 0x00000000fb900000, 0x0000000100000000)
  eden space 225280K, 0% used [0x00000000eab00000,0x00000000eab00000,0x00000000f8700000)
  from space 24576K, 25% used [0x00000000fa100000,0x00000000fa70bb90,0x00000000fb900000)
  to   space 25600K, 0% used [0x00000000f8700000,0x00000000f8700000,0x00000000fa000000)
 ParOldGen       total 131072K, used 31482K [0x00000000c0000000, 0x00000000c8000000, 0x00000000eab00000)
  object space 131072K, 24% used [0x00000000c0000000,0x00000000c1ebeb18,0x00000000c8000000)
 Metaspace       used 57502K, capacity 59182K, committed 59392K, reserved 1099776K
  class space    used 7743K, capacity 8133K, committed 8192K, reserved 1048576K
Event: 1637.975 GC heap after
Heap after GC invocations=20 (full 6):
 PSYoungGen      total 249856K, used 0K [0x00000000eab00000, 0x00000000fb900000, 0x0000000100000000)
  eden space 225280K, 0% used [0x00000000eab00000,0x00000000eab00000,0x00000000f8700000)
  from space 24576K, 0% used [0x00000000fa100000,0x00000000fa100000,0x00000000fb900000)
  to   space 25600K, 0% used [0x00000000f8700000,0x00000000f8700000,0x00000000fa000000)
 ParOldGen       total 131072K, used 36352K [0x00000000c0000000, 0x00000000c8000000, 0x00000000eab00000)
  object space 131072K, 27% used [0x00000000c0000000,0x00000000c2380038,0x00000000c8000000)
 Metaspace       used 57416K, capacity 59010K, committed 59392K, reserved 1099776K
  class space    used 7731K, capacity 8093K, committed 8192K, reserved 1048576K
}
Event: 1856.259 GC heap before
{Heap before GC invocations=21 (full 6):
 PSYoungGen      total 249856K, used 225280K [0x00000000eab00000, 0x00000000fb900000, 0x0000000100000000)
  eden space 225280K, 100% used [0x00000000eab00000,0x00000000f8700000,0x00000000f8700000)
  from space 24576K, 0% used [0x00000000fa100000,0x00000000fa100000,0x00000000fb900000)
  to   space 25600K, 0% used [0x00000000f8700000,0x00000000f8700000,0x00000000fa000000)
 ParOldGen       total 131072K, used 36352K [0x00000000c0000000, 0x00000000c8000000, 0x00000000eab00000)
  object space 131072K, 27% used [0x00000000c0000000,0x00000000c2380038,0x00000000c8000000)
 Metaspace       used 62549K, capacity 64826K, committed 65152K, reserved 1105920K
  class space    used 8420K, capacity 8984K, committed 9088K, reserved 1048576K
Event: 1856.289 GC heap after
Heap after GC invocations=21 (full 6):
 PSYoungGen      total 250880K, used 20049K [0x00000000eab00000, 0x00000000fe600000, 0x0000000100000000)
  eden space 225280K, 0% used [0x00000000eab00000,0x00000000eab00000,0x00000000f8700000)
  from space 25600K, 78% used [0x00000000f8700000,0x00000000f9a94650,0x00000000fa000000)
  to   space 27648K, 0% used [0x00000000fcb00000,0x00000000fcb00000,0x00000000fe600000)
 ParOldGen       total 131072K, used 36360K [0x00000000c0000000, 0x00000000c8000000, 0x00000000eab00000)
  object space 131072K, 27% used [0x00000000c0000000,0x00000000c2382038,0x00000000c8000000)
 Metaspace       used 62549K, capacity 64826K, committed 65152K, reserved 1105920K
  class space    used 8420K, capacity 8984K, committed 9088K, reserved 1048576K
}
Event: 1856.945 GC heap before
{Heap before GC invocations=22 (full 6):
 PSYoungGen      total 250880K, used 45908K [0x00000000eab00000, 0x00000000fe600000, 0x0000000100000000)
  eden space 225280K, 11% used [0x00000000eab00000,0x00000000ec440cb0,0x00000000f8700000)
  from space 25600K, 78% used [0x00000000f8700000,0x00000000f9a94650,0x00000000fa000000)
  to   space 27648K, 0% used [0x00000000fcb00000,0x00000000fcb00000,0x00000000fe600000)
 ParOldGen       total 131072K, used 36360K [0x00000000c0000000, 0x00000000c8000000, 0x00000000eab00000)
  object space 131072K, 27% used [0x00000000c0000000,0x00000000c2382038,0x00000000c8000000)
 Metaspace       used 63423K, capacity 65850K, committed 66048K, reserved 1105920K
  class space    used 8567K, capacity 9179K, committed 9216K, reserved 1048576K
Event: 1856.960 GC heap after
Heap after GC invocations=22 (full 6):
 PSYoungGen      total 294400K, used 16579K [0x00000000eab00000, 0x00000000fe700000, 0x0000000100000000)
  eden space 266752K, 0% used [0x00000000eab00000,0x00000000eab00000,0x00000000faf80000)
  from space 27648K, 59% used [0x00000000fcb00000,0x00000000fdb30fb0,0x00000000fe600000)
  to   space 28160K, 0% used [0x00000000faf80000,0x00000000faf80000,0x00000000fcb00000)
 ParOldGen       total 131072K, used 36368K [0x00000000c0000000, 0x00000000c8000000, 0x00000000eab00000)
  object space 131072K, 27% used [0x00000000c0000000,0x00000000c2384038,0x00000000c8000000)
 Metaspace       used 63423K, capacity 65850K, committed 66048K, reserved 1105920K
  class space    used 8567K, capacity 9179K, committed 9216K, reserved 1048576K
}
Event: 1856.960 GC heap before
{Heap before GC invocations=23 (full 7):
 PSYoungGen      total 294400K, used 16579K [0x00000000eab00000, 0x00000000fe700000, 0x0000000100000000)
  eden space 266752K, 0% used [0x00000000eab00000,0x00000000eab00000,0x00000000faf80000)
  from space 27648K, 59% used [0x00000000fcb00000,0x00000000fdb30fb0,0x00000000fe600000)
  to   space 28160K, 0% used [0x00000000faf80000,0x00000000faf80000,0x00000000fcb00000)
 ParOldGen       total 131072K, used 36368K [0x00000000c0000000, 0x00000000c8000000, 0x00000000eab00000)
  object space 131072K, 27% used [0x00000000c0000000,0x00000000c2384038,0x00000000c8000000)
 Metaspace       used 63423K, capacity 65850K, committed 66048K, reserved 1105920K
  class space    used 8567K, capacity 9179K, committed 9216K, reserved 1048576K
Event: 1857.345 GC heap after
Heap after GC invocations=23 (full 7):
 PSYoungGen      total 294400K, used 0K [0x00000000eab00000, 0x00000000fe700000, 0x0000000100000000)
  eden space 266752K, 0% used [0x00000000eab00000,0x00000000eab00000,0x00000000faf80000)
  from space 27648K, 0% used [0x00000000fcb00000,0x00000000fcb00000,0x00000000fe600000)
  to   space 28160K, 0% used [0x00000000faf80000,0x00000000faf80000,0x00000000fcb00000)
 ParOldGen       total 131072K, used 49623K [0x00000000c0000000, 0x00000000c8000000, 0x00000000eab00000)
  object space 131072K, 37% used [0x00000000c0000000,0x00000000c3075d48,0x00000000c8000000)
 Metaspace       used 63351K, capacity 65610K, committed 66048K, reserved 1105920K
  class space    used 8548K, capacity 9099K, committed 9216K, reserved 1048576K
}

