# JRE version: Java(TM) SE Runtime Environment (8.0_77-b03) (build 1.8.0_77-b03)
# Java VM: Java HotSpot(TM) 64-Bit Server VM (25.77-b03 mixed mode windows-amd64 compressed oops)
Heap:
 PSYoungGen      total 182784K, used 128899K [0x00000000eab00000, 0x00000000f9280000, 0x0000000100000000)
  eden space 157696K, 81% used [0x00000000eab00000,0x00000000f28e0fd8,0x00000000f4500000)
  from space 25088K, 0% used [0x00000000f4500000,0x00000000f4500000,0x00000000f5d80000)
  to   space 24064K, 0% used [0x00000000f7b00000,0x00000000f7b00000,0x00000000f9280000)
 ParOldGen       total 130048K, used 53720K [0x00000000c0000000, 0x00000000c7f00000, 0x00000000eab00000)
  object space 130048K, 41% used [0x00000000c0000000,0x00000000c3476298,0x00000000c7f00000)
 Metaspace       used 53201K, capacity 55864K, committed 55936K, reserved 1097728K
  class space    used 7186K, capacity 7774K, committed 7808K, reserved 1048576K
GC Heap History (10 events):
Event: 230.911 GC heap before
{Heap before GC invocations=11 (full 2):
 PSYoungGen      total 172544K, used 133047K [0x00000000eab00000, 0x00000000f6b80000, 0x0000000100000000)
  eden space 157184K, 74% used [0x00000000eab00000,0x00000000f1df1070,0x00000000f4480000)
  from space 15360K, 99% used [0x00000000f5b00000,0x00000000f69fccb0,0x00000000f6a00000)
  to   space 19968K, 0% used [0x00000000f4480000,0x00000000f4480000,0x00000000f5800000)
 ParOldGen       total 130048K, used 26092K [0x00000000c0000000, 0x00000000c7f00000, 0x00000000eab00000)
  object space 130048K, 20% used [0x00000000c0000000,0x00000000c197b2c8,0x00000000c7f00000)
 Metaspace       used 50700K, capacity 52582K, committed 52864K, reserved 1095680K
  class space    used 7002K, capacity 7464K, committed 7552K, reserved 1048576K
Event: 230.958 GC heap after
Heap after GC invocations=11 (full 2):
 PSYoungGen      total 177152K, used 19939K [0x00000000eab00000, 0x00000000f7680000, 0x0000000100000000)
  eden space 157184K, 0% used [0x00000000eab00000,0x00000000eab00000,0x00000000f4480000)
  from space 19968K, 99% used [0x00000000f4480000,0x00000000f57f8c78,0x00000000f5800000)
  to   space 25600K, 0% used [0x00000000f5d80000,0x00000000f5d80000,0x00000000f7680000)
 ParOldGen       total 130048K, used 34092K [0x00000000c0000000, 0x00000000c7f00000, 0x00000000eab00000)
  object space 130048K, 26% used [0x00000000c0000000,0x00000000c214b368,0x00000000c7f00000)
 Metaspace       used 50700K, capacity 52582K, committed 52864K, reserved 1095680K
  class space    used 7002K, capacity 7464K, committed 7552K, reserved 1048576K
}
Event: 230.958 GC heap before
{Heap before GC invocations=12 (full 3):
 PSYoungGen      total 177152K, used 19939K [0x00000000eab00000, 0x00000000f7680000, 0x0000000100000000)
  eden space 157184K, 0% used [0x00000000eab00000,0x00000000eab00000,0x00000000f4480000)
  from space 19968K, 99% used [0x00000000f4480000,0x00000000f57f8c78,0x00000000f5800000)
  to   space 25600K, 0% used [0x00000000f5d80000,0x00000000f5d80000,0x00000000f7680000)
 ParOldGen       total 130048K, used 34092K [0x00000000c0000000, 0x00000000c7f00000, 0x00000000eab00000)
  object space 130048K, 26% used [0x00000000c0000000,0x00000000c214b368,0x00000000c7f00000)
 Metaspace       used 50700K, capacity 52582K, committed 52864K, reserved 1095680K
  class space    used 7002K, capacity 7464K, committed 7552K, reserved 1048576K
Event: 231.256 GC heap after
Heap after GC invocations=12 (full 3):
 PSYoungGen      total 177152K, used 0K [0x00000000eab00000, 0x00000000f7680000, 0x0000000100000000)
  eden space 157184K, 0% used [0x00000000eab00000,0x00000000eab00000,0x00000000f4480000)
  from space 19968K, 0% used [0x00000000f4480000,0x00000000f4480000,0x00000000f5800000)
  to   space 25600K, 0% used [0x00000000f5d80000,0x00000000f5d80000,0x00000000f7680000)
 ParOldGen       total 130048K, used 49275K [0x00000000c0000000, 0x00000000c7f00000, 0x00000000eab00000)
  object space 130048K, 37% used [0x00000000c0000000,0x00000000c301eea8,0x00000000c7f00000)
 Metaspace       used 50700K, capacity 52582K, committed 52864K, reserved 1095680K
  class space    used 7002K, capacity 7464K, committed 7552K, reserved 1048576K
}
Event: 388.740 GC heap before
{Heap before GC invocations=13 (full 3):
 PSYoungGen      total 177152K, used 157184K [0x00000000eab00000, 0x00000000f7680000, 0x0000000100000000)
  eden space 157184K, 100% used [0x00000000eab00000,0x00000000f4480000,0x00000000f4480000)
  from space 19968K, 0% used [0x00000000f4480000,0x00000000f4480000,0x00000000f5800000)
  to   space 25600K, 0% used [0x00000000f5d80000,0x00000000f5d80000,0x00000000f7680000)
 ParOldGen       total 130048K, used 49275K [0x00000000c0000000, 0x00000000c7f00000, 0x00000000eab00000)
  object space 130048K, 37% used [0x00000000c0000000,0x00000000c301eea8,0x00000000c7f00000)
 Metaspace       used 52071K, capacity 54350K, committed 54528K, reserved 1095680K
  class space    used 7105K, capacity 7647K, committed 7680K, reserved 1048576K
Event: 388.749 GC heap after
Heap after GC invocations=13 (full 3):
 PSYoungGen      total 183296K, used 8514K [0x00000000eab00000, 0x00000000f9480000, 0x0000000100000000)
  eden space 157696K, 0% used [0x00000000eab00000,0x00000000eab00000,0x00000000f4500000)
  from space 25600K, 33% used [0x00000000f5d80000,0x00000000f65d0a28,0x00000000f7680000)
  to   space 25088K, 0% used [0x00000000f4500000,0x00000000f4500000,0x00000000f5d80000)
 ParOldGen       total 130048K, used 49283K [0x00000000c0000000, 0x00000000c7f00000, 0x00000000eab00000)
  object space 130048K, 37% used [0x00000000c0000000,0x00000000c3020ea8,0x00000000c7f00000)
 Metaspace       used 52071K, capacity 54350K, committed 54528K, reserved 1095680K
  class space    used 7105K, capacity 7647K, committed 7680K, reserved 1048576K
}
Event: 390.511 GC heap before
{Heap before GC invocations=14 (full 3):
 PSYoungGen      total 183296K, used 140983K [0x00000000eab00000, 0x00000000f9480000, 0x0000000100000000)
  eden space 157696K, 84% used [0x00000000eab00000,0x00000000f2c5d228,0x00000000f4500000)
  from space 25600K, 33% used [0x00000000f5d80000,0x00000000f65d0a28,0x00000000f7680000)
  to   space 25088K, 0% used [0x00000000f4500000,0x00000000f4500000,0x00000000f5d80000)
 ParOldGen       total 130048K, used 49283K [0x00000000c0000000, 0x00000000c7f00000, 0x00000000eab00000)
  object space 130048K, 37% used [0x00000000c0000000,0x00000000c3020ea8,0x00000000c7f00000)
 Metaspace       used 52773K, capacity 55268K, committed 55424K, reserved 1097728K
  class space    used 7167K, capacity 7745K, committed 7808K, reserved 1048576K
Event: 390.527 GC heap after
Heap after GC invocations=14 (full 3):
 PSYoungGen      total 182784K, used 11862K [0x00000000eab00000, 0x00000000f9280000, 0x0000000100000000)
  eden space 157696K, 0% used [0x00000000eab00000,0x00000000eab00000,0x00000000f4500000)
  from space 25088K, 47% used [0x00000000f4500000,0x00000000f5095ba8,0x00000000f5d80000)
  to   space 24064K, 0% used [0x00000000f7b00000,0x00000000f7b00000,0x00000000f9280000)
 ParOldGen       total 130048K, used 49291K [0x00000000c0000000, 0x00000000c7f00000, 0x00000000eab00000)
  object space 130048K, 37% used [0x00000000c0000000,0x00000000c3022ea8,0x00000000c7f00000)
 Metaspace       used 52773K, capacity 55268K, committed 55424K, reserved 1097728K
  class space    used 7167K, capacity 7745K, committed 7808K, reserved 1048576K
}
Event: 390.527 GC heap before
{Heap before GC invocations=15 (full 4):
 PSYoungGen      total 182784K, used 11862K [0x00000000eab00000, 0x00000000f9280000, 0x0000000100000000)
  eden space 157696K, 0% used [0x00000000eab00000,0x00000000eab00000,0x00000000f4500000)
  from space 25088K, 47% used [0x00000000f4500000,0x00000000f5095ba8,0x00000000f5d80000)
  to   space 24064K, 0% used [0x00000000f7b00000,0x00000000f7b00000,0x00000000f9280000)
 ParOldGen       total 130048K, used 49291K [0x00000000c0000000, 0x00000000c7f00000, 0x00000000eab00000)
  object space 130048K, 37% used [0x00000000c0000000,0x00000000c3022ea8,0x00000000c7f00000)
 Metaspace       used 52773K, capacity 55268K, committed 55424K, reserved 1097728K
  class space    used 7167K, capacity 7745K, committed 7808K, reserved 1048576K
Event: 390.943 GC heap after
Heap after GC invocations=15 (full 4):
 PSYoungGen      total 182784K, used 0K [0x00000000eab00000, 0x00000000f9280000, 0x0000000100000000)
  eden space 157696K, 0% used [0x00000000eab00000,0x00000000eab00000,0x00000000f4500000)
  from space 25088K, 0% used [0x00000000f4500000,0x00000000f4500000,0x00000000f5d80000)
  to   space 24064K, 0% used [0x00000000f7b00000,0x00000000f7b00000,0x00000000f9280000)
 ParOldGen       total 130048K, used 53720K [0x00000000c0000000, 0x00000000c7f00000, 0x00000000eab00000)
  object space 130048K, 41% used [0x00000000c0000000,0x00000000c3476298,0x00000000c7f00000)
 Metaspace       used 52734K, capacity 55224K, committed 55424K, reserved 1097728K
  class space    used 7155K, capacity 7733K, committed 7808K, reserved 1048576K
}

