# JRE version: Java(TM) SE Runtime Environment (8.0_77-b03) (build 1.8.0_77-b03)
# Java VM: Java HotSpot(TM) 64-Bit Server VM (25.77-b03 mixed mode windows-amd64 compressed oops)
Heap:
 PSYoungGen      total 190976K, used 79815K [0x00000000eab00000, 0x00000000f7b80000, 0x0000000100000000)
  eden space 168448K, 47% used [0x00000000eab00000,0x00000000ef8f1ff8,0x00000000f4f80000)
  from space 22528K, 0% used [0x00000000f6580000,0x00000000f6580000,0x00000000f7b80000)
  to   space 22528K, 0% used [0x00000000f4f80000,0x00000000f4f80000,0x00000000f6580000)
 ParOldGen       total 116736K, used 45446K [0x00000000c0000000, 0x00000000c7200000, 0x00000000eab00000)
  object space 116736K, 38% used [0x00000000c0000000,0x00000000c2c61b70,0x00000000c7200000)
 Metaspace       used 48408K, capacity 50778K, committed 50944K, reserved 1093632K
  class space    used 6557K, capacity 7140K, committed 7168K, reserved 1048576K
GC Heap History (10 events):
Event: 48.269 GC heap before
{Heap before GC invocations=10 (full 2):
 PSYoungGen      total 116224K, used 101888K [0x00000000eab00000, 0x00000000f7280000, 0x0000000100000000)
  eden space 101888K, 100% used [0x00000000eab00000,0x00000000f0e80000,0x00000000f0e80000)
  from space 14336K, 0% used [0x00000000f0e80000,0x00000000f0e80000,0x00000000f1c80000)
  to   space 14336K, 0% used [0x00000000f6480000,0x00000000f6480000,0x00000000f7280000)
 ParOldGen       total 116736K, used 17261K [0x00000000c0000000, 0x00000000c7200000, 0x00000000eab00000)
  object space 116736K, 14% used [0x00000000c0000000,0x00000000c10db5c8,0x00000000c7200000)
 Metaspace       used 41085K, capacity 42024K, committed 42112K, reserved 1085440K
  class space    used 5496K, capacity 5740K, committed 5760K, reserved 1048576K
Event: 48.288 GC heap after
Heap after GC invocations=10 (full 2):
 PSYoungGen      total 182784K, used 13905K [0x00000000eab00000, 0x00000000f7280000, 0x0000000100000000)
  eden space 168448K, 0% used [0x00000000eab00000,0x00000000eab00000,0x00000000f4f80000)
  from space 14336K, 96% used [0x00000000f6480000,0x00000000f72146a0,0x00000000f7280000)
  to   space 15872K, 0% used [0x00000000f5380000,0x00000000f5380000,0x00000000f6300000)
 ParOldGen       total 116736K, used 17269K [0x00000000c0000000, 0x00000000c7200000, 0x00000000eab00000)
  object space 116736K, 14% used [0x00000000c0000000,0x00000000c10dd5c8,0x00000000c7200000)
 Metaspace       used 41085K, capacity 42024K, committed 42112K, reserved 1085440K
  class space    used 5496K, capacity 5740K, committed 5760K, reserved 1048576K
}
Event: 80.439 GC heap before
{Heap before GC invocations=11 (full 2):
 PSYoungGen      total 182784K, used 178032K [0x00000000eab00000, 0x00000000f7280000, 0x0000000100000000)
  eden space 168448K, 97% used [0x00000000eab00000,0x00000000f4b47c98,0x00000000f4f80000)
  from space 14336K, 96% used [0x00000000f6480000,0x00000000f72146a0,0x00000000f7280000)
  to   space 15872K, 0% used [0x00000000f5380000,0x00000000f5380000,0x00000000f6300000)
 ParOldGen       total 116736K, used 17269K [0x00000000c0000000, 0x00000000c7200000, 0x00000000eab00000)
  object space 116736K, 14% used [0x00000000c0000000,0x00000000c10dd5c8,0x00000000c7200000)
 Metaspace       used 46536K, capacity 48242K, committed 48384K, reserved 1091584K
  class space    used 6415K, capacity 6881K, committed 6912K, reserved 1048576K
Event: 80.498 GC heap after
Heap after GC invocations=11 (full 2):
 PSYoungGen      total 184320K, used 15856K [0x00000000eab00000, 0x00000000f7b80000, 0x0000000100000000)
  eden space 168448K, 0% used [0x00000000eab00000,0x00000000eab00000,0x00000000f4f80000)
  from space 15872K, 99% used [0x00000000f5380000,0x00000000f62fc018,0x00000000f6300000)
  to   space 22528K, 0% used [0x00000000f6580000,0x00000000f6580000,0x00000000f7b80000)
 ParOldGen       total 116736K, used 28881K [0x00000000c0000000, 0x00000000c7200000, 0x00000000eab00000)
  object space 116736K, 24% used [0x00000000c0000000,0x00000000c1c34770,0x00000000c7200000)
 Metaspace       used 46536K, capacity 48242K, committed 48384K, reserved 1091584K
  class space    used 6415K, capacity 6881K, committed 6912K, reserved 1048576K
}
Event: 80.498 GC heap before
{Heap before GC invocations=12 (full 3):
 PSYoungGen      total 184320K, used 15856K [0x00000000eab00000, 0x00000000f7b80000, 0x0000000100000000)
  eden space 168448K, 0% used [0x00000000eab00000,0x00000000eab00000,0x00000000f4f80000)
  from space 15872K, 99% used [0x00000000f5380000,0x00000000f62fc018,0x00000000f6300000)
  to   space 22528K, 0% used [0x00000000f6580000,0x00000000f6580000,0x00000000f7b80000)
 ParOldGen       total 116736K, used 28881K [0x00000000c0000000, 0x00000000c7200000, 0x00000000eab00000)
  object space 116736K, 24% used [0x00000000c0000000,0x00000000c1c34770,0x00000000c7200000)
 Metaspace       used 46536K, capacity 48242K, committed 48384K, reserved 1091584K
  class space    used 6415K, capacity 6881K, committed 6912K, reserved 1048576K
Event: 81.046 GC heap after
Heap after GC invocations=12 (full 3):
 PSYoungGen      total 184320K, used 0K [0x00000000eab00000, 0x00000000f7b80000, 0x0000000100000000)
  eden space 168448K, 0% used [0x00000000eab00000,0x00000000eab00000,0x00000000f4f80000)
  from space 15872K, 0% used [0x00000000f5380000,0x00000000f5380000,0x00000000f6300000)
  to   space 22528K, 0% used [0x00000000f6580000,0x00000000f6580000,0x00000000f7b80000)
 ParOldGen       total 116736K, used 43316K [0x00000000c0000000, 0x00000000c7200000, 0x00000000eab00000)
  object space 116736K, 37% used [0x00000000c0000000,0x00000000c2a4d3d8,0x00000000c7200000)
 Metaspace       used 46536K, capacity 48242K, committed 48384K, reserved 1091584K
  class space    used 6415K, capacity 6881K, committed 6912K, reserved 1048576K
}
Event: 401.593 GC heap before
{Heap before GC invocations=13 (full 3):
 PSYoungGen      total 184320K, used 110621K [0x00000000eab00000, 0x00000000f7b80000, 0x0000000100000000)
  eden space 168448K, 65% used [0x00000000eab00000,0x00000000f1707588,0x00000000f4f80000)
  from space 15872K, 0% used [0x00000000f5380000,0x00000000f5380000,0x00000000f6300000)
  to   space 22528K, 0% used [0x00000000f6580000,0x00000000f6580000,0x00000000f7b80000)
 ParOldGen       total 116736K, used 43316K [0x00000000c0000000, 0x00000000c7200000, 0x00000000eab00000)
  object space 116736K, 37% used [0x00000000c0000000,0x00000000c2a4d3d8,0x00000000c7200000)
 Metaspace       used 47836K, capacity 50106K, committed 50176K, reserved 1091584K
  class space    used 6526K, capacity 7098K, committed 7168K, reserved 1048576K
Event: 401.601 GC heap after
Heap after GC invocations=13 (full 3):
 PSYoungGen      total 190976K, used 4912K [0x00000000eab00000, 0x00000000f7b80000, 0x0000000100000000)
  eden space 168448K, 0% used [0x00000000eab00000,0x00000000eab00000,0x00000000f4f80000)
  from space 22528K, 21% used [0x00000000f6580000,0x00000000f6a4c2f8,0x00000000f7b80000)
  to   space 22528K, 0% used [0x00000000f4f80000,0x00000000f4f80000,0x00000000f6580000)
 ParOldGen       total 116736K, used 43324K [0x00000000c0000000, 0x00000000c7200000, 0x00000000eab00000)
  object space 116736K, 37% used [0x00000000c0000000,0x00000000c2a4f3d8,0x00000000c7200000)
 Metaspace       used 47836K, capacity 50106K, committed 50176K, reserved 1091584K
  class space    used 6526K, capacity 7098K, committed 7168K, reserved 1048576K
}
Event: 401.601 GC heap before
{Heap before GC invocations=14 (full 4):
 PSYoungGen      total 190976K, used 4912K [0x00000000eab00000, 0x00000000f7b80000, 0x0000000100000000)
  eden space 168448K, 0% used [0x00000000eab00000,0x00000000eab00000,0x00000000f4f80000)
  from space 22528K, 21% used [0x00000000f6580000,0x00000000f6a4c2f8,0x00000000f7b80000)
  to   space 22528K, 0% used [0x00000000f4f80000,0x00000000f4f80000,0x00000000f6580000)
 ParOldGen       total 116736K, used 43324K [0x00000000c0000000, 0x00000000c7200000, 0x00000000eab00000)
  object space 116736K, 37% used [0x00000000c0000000,0x00000000c2a4f3d8,0x00000000c7200000)
 Metaspace       used 47836K, capacity 50106K, committed 50176K, reserved 1091584K
  class space    used 6526K, capacity 7098K, committed 7168K, reserved 1048576K
Event: 401.922 GC heap after
Heap after GC invocations=14 (full 4):
 PSYoungGen      total 190976K, used 0K [0x00000000eab00000, 0x00000000f7b80000, 0x0000000100000000)
  eden space 168448K, 0% used [0x00000000eab00000,0x00000000eab00000,0x00000000f4f80000)
  from space 22528K, 0% used [0x00000000f6580000,0x00000000f6580000,0x00000000f7b80000)
  to   space 22528K, 0% used [0x00000000f4f80000,0x00000000f4f80000,0x00000000f6580000)
 ParOldGen       total 116736K, used 45446K [0x00000000c0000000, 0x00000000c7200000, 0x00000000eab00000)
  object space 116736K, 38% used [0x00000000c0000000,0x00000000c2c61b70,0x00000000c7200000)
 Metaspace       used 47768K, capacity 49942K, committed 50176K, reserved 1091584K
  class space    used 6505K, capacity 7046K, committed 7168K, reserved 1048576K
}

