# JRE version: Java(TM) SE Runtime Environment (8.0_77-b03) (build 1.8.0_77-b03)
# Java VM: Java HotSpot(TM) 64-Bit Server VM (25.77-b03 mixed mode windows-amd64 compressed oops)
Heap:
 PSYoungGen      total 231936K, used 55298K [0x00000000eab00000, 0x00000000ff800000, 0x0000000100000000)
  eden space 208896K, 15% used [0x00000000eab00000,0x00000000ecab6ec8,0x00000000f7700000)
  from space 23040K, 99% used [0x00000000f7700000,0x00000000f8d49b00,0x00000000f8d80000)
  to   space 66048K, 0% used [0x00000000fb780000,0x00000000fb780000,0x00000000ff800000)
 ParOldGen       total 306176K, used 134697K [0x00000000c0000000, 0x00000000d2b00000, 0x00000000eab00000)
  object space 306176K, 43% used [0x00000000c0000000,0x00000000c838a7c8,0x00000000d2b00000)
 Metaspace       used 73539K, capacity 80916K, committed 81280K, reserved 1120256K
  class space    used 9527K, capacity 10444K, committed 10624K, reserved 1048576K
GC Heap History (10 events):
Event: 11022.049 GC heap before
{Heap before GC invocations=156 (full 24):
 PSYoungGen      total 273408K, used 242722K [0x00000000eab00000, 0x00000000ffd00000, 0x0000000100000000)
  eden space 207360K, 98% used [0x00000000eab00000,0x00000000f72d89d8,0x00000000f7580000)
  from space 66048K, 57% used [0x00000000f7580000,0x00000000f9ab0040,0x00000000fb600000)
  to   space 66560K, 0% used [0x00000000fbc00000,0x00000000fbc00000,0x00000000ffd00000)
 ParOldGen       total 306176K, used 134308K [0x00000000c0000000, 0x00000000d2b00000, 0x00000000eab00000)
  object space 306176K, 43% used [0x00000000c0000000,0x00000000c83293a0,0x00000000d2b00000)
 Metaspace       used 71832K, capacity 78092K, committed 80000K, reserved 1118208K
  class space    used 9196K, capacity 9828K, committed 10368K, reserved 1048576K
Event: 11022.097 GC heap after
Heap after GC invocations=156 (full 24):
 PSYoungGen      total 275456K, used 17616K [0x00000000eab00000, 0x00000000ff900000, 0x0000000100000000)
  eden space 212992K, 0% used [0x00000000eab00000,0x00000000eab00000,0x00000000f7b00000)
  from space 62464K, 28% used [0x00000000fbc00000,0x00000000fcd34060,0x00000000ff900000)
  to   space 64512K, 0% used [0x00000000f7b00000,0x00000000f7b00000,0x00000000fba00000)
 ParOldGen       total 306176K, used 134316K [0x00000000c0000000, 0x00000000d2b00000, 0x00000000eab00000)
  object space 306176K, 43% used [0x00000000c0000000,0x00000000c832b3a0,0x00000000d2b00000)
 Metaspace       used 71832K, capacity 78092K, committed 80000K, reserved 1118208K
  class space    used 9196K, capacity 9828K, committed 10368K, reserved 1048576K
}
Event: 11022.097 GC heap before
{Heap before GC invocations=157 (full 25):
 PSYoungGen      total 275456K, used 17616K [0x00000000eab00000, 0x00000000ff900000, 0x0000000100000000)
  eden space 212992K, 0% used [0x00000000eab00000,0x00000000eab00000,0x00000000f7b00000)
  from space 62464K, 28% used [0x00000000fbc00000,0x00000000fcd34060,0x00000000ff900000)
  to   space 64512K, 0% used [0x00000000f7b00000,0x00000000f7b00000,0x00000000fba00000)
 ParOldGen       total 306176K, used 134316K [0x00000000c0000000, 0x00000000d2b00000, 0x00000000eab00000)
  object space 306176K, 43% used [0x00000000c0000000,0x00000000c832b3a0,0x00000000d2b00000)
 Metaspace       used 71832K, capacity 78092K, committed 80000K, reserved 1118208K
  class space    used 9196K, capacity 9828K, committed 10368K, reserved 1048576K
Event: 11022.743 GC heap after
Heap after GC invocations=157 (full 25):
 PSYoungGen      total 275456K, used 0K [0x00000000eab00000, 0x00000000ff900000, 0x0000000100000000)
  eden space 212992K, 0% used [0x00000000eab00000,0x00000000eab00000,0x00000000f7b00000)
  from space 62464K, 0% used [0x00000000fbc00000,0x00000000fbc00000,0x00000000ff900000)
  to   space 64512K, 0% used [0x00000000f7b00000,0x00000000f7b00000,0x00000000fba00000)
 ParOldGen       total 306176K, used 134689K [0x00000000c0000000, 0x00000000d2b00000, 0x00000000eab00000)
  object space 306176K, 43% used [0x00000000c0000000,0x00000000c83887c8,0x00000000d2b00000)
 Metaspace       used 71753K, capacity 77828K, committed 80000K, reserved 1118208K
  class space    used 9172K, capacity 9804K, committed 10368K, reserved 1048576K
}
Event: 11046.344 GC heap before
{Heap before GC invocations=158 (full 25):
 PSYoungGen      total 275456K, used 212992K [0x00000000eab00000, 0x00000000ff900000, 0x0000000100000000)
  eden space 212992K, 100% used [0x00000000eab00000,0x00000000f7b00000,0x00000000f7b00000)
  from space 62464K, 0% used [0x00000000fbc00000,0x00000000fbc00000,0x00000000ff900000)
  to   space 64512K, 0% used [0x00000000f7b00000,0x00000000f7b00000,0x00000000fba00000)
 ParOldGen       total 306176K, used 134689K [0x00000000c0000000, 0x00000000d2b00000, 0x00000000eab00000)
  object space 306176K, 43% used [0x00000000c0000000,0x00000000c83887c8,0x00000000d2b00000)
 Metaspace       used 71856K, capacity 78082K, committed 80000K, reserved 1118208K
  class space    used 9195K, capacity 9833K, committed 10368K, reserved 1048576K
Event: 11046.422 GC heap after
Heap after GC invocations=158 (full 25):
 PSYoungGen      total 277504K, used 53328K [0x00000000eab00000, 0x0000000100000000, 0x0000000100000000)
  eden space 212992K, 0% used [0x00000000eab00000,0x00000000eab00000,0x00000000f7b00000)
  from space 64512K, 82% used [0x00000000f7b00000,0x00000000faf14010,0x00000000fba00000)
  to   space 70656K, 0% used [0x00000000fbb00000,0x00000000fbb00000,0x0000000100000000)
 ParOldGen       total 306176K, used 134689K [0x00000000c0000000, 0x00000000d2b00000, 0x00000000eab00000)
  object space 306176K, 43% used [0x00000000c0000000,0x00000000c83887c8,0x00000000d2b00000)
 Metaspace       used 71856K, capacity 78082K, committed 80000K, reserved 1118208K
  class space    used 9195K, capacity 9833K, committed 10368K, reserved 1048576K
}
Event: 11079.028 GC heap before
{Heap before GC invocations=159 (full 25):
 PSYoungGen      total 277504K, used 266320K [0x00000000eab00000, 0x0000000100000000, 0x0000000100000000)
  eden space 212992K, 100% used [0x00000000eab00000,0x00000000f7b00000,0x00000000f7b00000)
  from space 64512K, 82% used [0x00000000f7b00000,0x00000000faf14010,0x00000000fba00000)
  to   space 70656K, 0% used [0x00000000fbb00000,0x00000000fbb00000,0x0000000100000000)
 ParOldGen       total 306176K, used 134689K [0x00000000c0000000, 0x00000000d2b00000, 0x00000000eab00000)
  object space 306176K, 43% used [0x00000000c0000000,0x00000000c83887c8,0x00000000d2b00000)
 Metaspace       used 72229K, capacity 78934K, committed 80256K, reserved 1120256K
  class space    used 9272K, capacity 10009K, committed 10368K, reserved 1048576K
Event: 11079.052 GC heap after
Heap after GC invocations=159 (full 25):
 PSYoungGen      total 279552K, used 11076K [0x00000000eab00000, 0x0000000100000000, 0x0000000100000000)
  eden space 208896K, 0% used [0x00000000eab00000,0x00000000eab00000,0x00000000f7700000)
  from space 70656K, 15% used [0x00000000fbb00000,0x00000000fc5d1350,0x0000000100000000)
  to   space 69632K, 0% used [0x00000000f7700000,0x00000000f7700000,0x00000000fbb00000)
 ParOldGen       total 306176K, used 134689K [0x00000000c0000000, 0x00000000d2b00000, 0x00000000eab00000)
  object space 306176K, 43% used [0x00000000c0000000,0x00000000c83887c8,0x00000000d2b00000)
 Metaspace       used 72229K, capacity 78934K, committed 80256K, reserved 1120256K
  class space    used 9272K, capacity 10009K, committed 10368K, reserved 1048576K
}
Event: 11557.989 GC heap before
{Heap before GC invocations=160 (full 25):
 PSYoungGen      total 279552K, used 219972K [0x00000000eab00000, 0x0000000100000000, 0x0000000100000000)
  eden space 208896K, 100% used [0x00000000eab00000,0x00000000f7700000,0x00000000f7700000)
  from space 70656K, 15% used [0x00000000fbb00000,0x00000000fc5d1350,0x0000000100000000)
  to   space 69632K, 0% used [0x00000000f7700000,0x00000000f7700000,0x00000000fbb00000)
 ParOldGen       total 306176K, used 134689K [0x00000000c0000000, 0x00000000d2b00000, 0x00000000eab00000)
  object space 306176K, 43% used [0x00000000c0000000,0x00000000c83887c8,0x00000000d2b00000)
 Metaspace       used 73409K, capacity 80736K, committed 81152K, reserved 1120256K
  class space    used 9510K, capacity 10395K, committed 10496K, reserved 1048576K
Event: 11558.022 GC heap after
Heap after GC invocations=160 (full 25):
 PSYoungGen      total 231936K, used 22822K [0x00000000eab00000, 0x00000000ff800000, 0x0000000100000000)
  eden space 208896K, 0% used [0x00000000eab00000,0x00000000eab00000,0x00000000f7700000)
  from space 23040K, 99% used [0x00000000f7700000,0x00000000f8d49b00,0x00000000f8d80000)
  to   space 66048K, 0% used [0x00000000fb780000,0x00000000fb780000,0x00000000ff800000)
 ParOldGen       total 306176K, used 134697K [0x00000000c0000000, 0x00000000d2b00000, 0x00000000eab00000)
  object space 306176K, 43% used [0x00000000c0000000,0x00000000c838a7c8,0x00000000d2b00000)
 Metaspace       used 73409K, capacity 80736K, committed 81152K, reserved 1120256K
  class space    used 9510K, capacity 10395K, committed 10496K, reserved 1048576K
}

